Resultats au Wed Oct 13 19:27:00 2021
Humidity : 76 %

Resultats au Wed Oct 13 19:27:03 2021
Humidity : 74 %

Resultats au Wed Oct 13 19:28:37 2021
Humidity : 64 %

Resultats au Wed Oct 13 19:28:40 2021
Humidity : 86 %

Resultats au Wed Oct 13 19:39:35 2021
Humidity : 62 %

Resultats au Wed Oct 13 20:02:23 2021
Humidity : 74 %

Resultats au Fri Oct 15 09:40:34 2021
Humidity : 83 %

Resultats au Fri Oct 15 09:40:37 2021
Humidity : 81 %

Resultats au Fri Oct 15 09:46:10 2021
Humidity : 63 %

Resultats au Sat Oct 16 09:52:30 2021
Humidity : 81 %

Resultats au Sat Oct 16 09:53:58 2021
Humidity : 82 %

Resultats au Sat Oct 16 10:41:21 2021
Humidity : 83 %

Resultats au Sat Oct 16 10:41:24 2021
Humidity : 66 %

Resultats au Sat Oct 16 11:06:44 2021
Humidity : 79 %

Resultats au Sat Oct 16 11:06:48 2021
Humidity : 90 %

Resultats au Sat Oct 16 11:13:39 2021
Humidity : 89 %

Resultats au Sat Oct 16 11:13:43 2021
Humidity : 79 %

Resultats au Sat Oct 16 11:21:28 2021
Humidity : 66 %

Resultats au Sat Oct 16 11:21:31 2021
Humidity : 90 %

Resultats au Sat Oct 16 11:22:11 2021
Humidity : 65 %

Resultats au Sat Oct 16 11:22:14 2021
Humidity : 74 %

Resultats au Sun Oct 17 11:43:28 2021
Humidity : 68 %

Resultats au Sun Oct 17 11:43:31 2021
Humidity : 84 %

Resultats au Sun Oct 17 12:07:07 2021
Humidity : 75 %

Resultats au Sun Oct 17 12:07:10 2021
Humidity : 67 %

Resultats au Sun Oct 17 12:07:19 2021
Humidity : 84 %

Resultats au Sun Oct 17 12:07:24 2021
Humidity : 61 %

Resultats au Sun Oct 17 12:07:29 2021
Humidity : 74 %

Resultats au Sun Oct 17 12:07:34 2021
Humidity : 89 %

Resultats au Sun Oct 17 12:47:35 2021
Humidity : 71 %

Resultats au Sun Oct 17 13:10:48 2021
Humidity : 75 %

Resultats au Sun Oct 17 15:48:53 2021
Humidity : 71 %

Resultats au Sun Oct 17 15:51:02 2021
Humidity : 82 %

Resultats au Sun Oct 17 15:51:50 2021
Humidity : 65 %

Resultats au Sun Oct 17 15:51:53 2021
Humidity : 65 %

Resultats au Sun Oct 17 15:51:56 2021
Humidity : 65 %

Resultats au Sun Oct 17 15:52:27 2021
Humidity : 65 %

Resultats au Sun Oct 17 15:52:30 2021
Humidity : 65 %

Resultats au Sun Oct 17 15:52:33 2021
Humidity : 65 %

Resultats au Sun Oct 17 15:53:26 2021
Humidity : 81 %

Resultats au Sun Oct 17 15:53:29 2021
Humidity : 60 %

Resultats au Sun Oct 17 15:53:32 2021
Humidity : 75 %

Resultats au Sun Oct 17 16:09:52 2021
Humidity : 63 %

Resultats au Sun Oct 17 16:09:55 2021
Humidity : 68 %

Resultats au Sun Oct 17 16:42:32 2021
Humidity : 76 %

Resultats au Sun Oct 17 16:42:37 2021
Humidity : 83 %

Resultats au Sun Oct 17 16:42:42 2021
Humidity : 87 %

Resultats au Sun Oct 17 16:42:59 2021
Humidity : 79 %

Resultats au Sun Oct 17 16:43:02 2021
Humidity : 89 %

Resultats au Sun Oct 17 16:45:27 2021
Humidity : 75 %

Resultats au Sun Oct 17 16:45:32 2021
Humidity : 74 %

Resultats au Sun Oct 17 16:45:51 2021
Humidity : 60 %

Resultats au Tue Oct 19 20:27:12 2021
Humidity : 83 %

Resultats au Tue Oct 19 20:27:17 2021
Humidity : 73 %

Resultats au Tue Oct 19 20:30:06 2021
Humidity : 69 %

Resultats au Tue Oct 19 20:30:30 2021
Humidity : 79 %

Resultats au Tue Oct 19 20:30:35 2021
Humidity : 85 %

Resultats au Tue Oct 19 20:31:54 2021
Humidity : 62 %

