Resultats au Wed Oct 13 19:27:01 2021
Light : 101 Lux

Resultats au Wed Oct 13 19:28:38 2021
Light : 113 Lux

Resultats au Wed Oct 13 19:39:36 2021
Light : 397 Lux

Resultats au Wed Oct 13 20:02:24 2021
Light : 325 Lux

Resultats au Fri Oct 15 09:40:35 2021
Light : 349 Lux

Resultats au Fri Oct 15 09:46:11 2021
Light : 127 Lux

Resultats au Sat Oct 16 09:52:31 2021
Light : 27 Lux

Resultats au Sat Oct 16 09:53:59 2021
Light : 182 Lux

Resultats au Sat Oct 16 10:41:22 2021
Light : 419 Lux

Resultats au Sat Oct 16 11:06:45 2021
Light : 62 Lux

Resultats au Sat Oct 16 11:13:40 2021
Light : 312 Lux

Resultats au Sat Oct 16 11:21:29 2021
Light : 237 Lux

Resultats au Sat Oct 16 11:22:12 2021
Light : 153 Lux

Resultats au Sun Oct 17 11:43:29 2021
Light : 78 Lux

Resultats au Sun Oct 17 12:07:08 2021
Light : 363 Lux

Resultats au Sun Oct 17 12:07:19 2021
Light : 317 Lux

Resultats au Sun Oct 17 12:07:24 2021
Light : 94 Lux

Resultats au Sun Oct 17 12:07:29 2021
Light : 311 Lux

Resultats au Sun Oct 17 12:07:34 2021
Light : 345 Lux

Resultats au Sun Oct 17 12:47:36 2021
Light : 392 Lux

Resultats au Sun Oct 17 13:10:49 2021
Light : 43 Lux

Resultats au Sun Oct 17 15:48:54 2021
Light : 391 Lux

Resultats au Sun Oct 17 15:51:03 2021
Light : 354 Lux

Resultats au Sun Oct 17 15:51:51 2021
Light : 80 Lux

Resultats au Sun Oct 17 15:51:55 2021
Light : 80 Lux

Resultats au Sun Oct 17 15:52:28 2021
Light : 81 Lux

Resultats au Sun Oct 17 15:52:32 2021
Light : 82 Lux

Resultats au Sun Oct 17 15:53:27 2021
Light : 349 Lux

Resultats au Sun Oct 17 15:53:31 2021
Light : 360 Lux

Resultats au Sun Oct 17 16:09:53 2021
Light : 78 Lux

Resultats au Sun Oct 17 16:42:32 2021
Light : 228 Lux

Resultats au Sun Oct 17 16:42:37 2021
Light : 234 Lux

Resultats au Sun Oct 17 16:42:42 2021
Light : 248 Lux

Resultats au Sun Oct 17 16:43:00 2021
Light : 429 Lux

Resultats au Sun Oct 17 16:45:27 2021
Light : 67 Lux

Resultats au Sun Oct 17 16:45:32 2021
Light : 433 Lux

Resultats au Sun Oct 17 16:45:52 2021
Light : 39 Lux

Resultats au Tue Oct 19 20:27:12 2021
Light : 412 Lux

Resultats au Tue Oct 19 20:27:17 2021
Light : 242 Lux

Resultats au Tue Oct 19 20:30:07 2021
Light : 24 Lux

Resultats au Tue Oct 19 20:30:30 2021
Light : 49 Lux

Resultats au Tue Oct 19 20:30:35 2021
Light : 100 Lux

Resultats au Tue Oct 19 20:31:55 2021
Light : 307 Lux

