Resultats au Wed Oct 13 19:26:58 2021
Pression : 10 Bar

Resultats au Wed Oct 13 19:26:59 2021
Pression : 8 Bar

Resultats au Wed Oct 13 19:27:00 2021
Pression : 10 Bar

Resultats au Wed Oct 13 19:27:01 2021
Pression : 10 Bar

Resultats au Wed Oct 13 19:27:02 2021
Pression : 8 Bar

Resultats au Wed Oct 13 19:27:03 2021
Pression : 10 Bar

Resultats au Wed Oct 13 19:28:35 2021
Pression : 10 Bar

Resultats au Wed Oct 13 19:28:36 2021
Pression : 9 Bar

Resultats au Wed Oct 13 19:28:37 2021
Pression : 9 Bar

Resultats au Wed Oct 13 19:28:38 2021
Pression : 9 Bar

Resultats au Wed Oct 13 19:28:39 2021
Pression : 9 Bar

Resultats au Wed Oct 13 19:28:40 2021
Pression : 10 Bar

Resultats au Wed Oct 13 19:39:33 2021
Pression : 9 Bar

Resultats au Wed Oct 13 19:39:34 2021
Pression : 9 Bar

Resultats au Wed Oct 13 19:39:35 2021
Pression : 10 Bar

Resultats au Wed Oct 13 19:39:36 2021
Pression : 9 Bar

Resultats au Wed Oct 13 19:41:04 2021
Pression : 10 Bar

Resultats au Wed Oct 13 19:41:05 2021
Pression : 8 Bar

Resultats au Wed Oct 13 19:49:31 2021
Pression : 8 Bar

Resultats au Wed Oct 13 19:49:32 2021
Pression : 8 Bar

Resultats au Wed Oct 13 20:02:21 2021
Pression : 10 Bar

Resultats au Wed Oct 13 20:02:22 2021
Pression : 8 Bar

Resultats au Wed Oct 13 20:02:23 2021
Pression : 9 Bar

Resultats au Wed Oct 13 20:02:24 2021
Pression : 9 Bar

Resultats au Fri Oct 15 09:40:32 2021
Pression : 8 Bar

Resultats au Fri Oct 15 09:40:33 2021
Pression : 9 Bar

Resultats au Fri Oct 15 09:40:34 2021
Pression : 8 Bar

Resultats au Fri Oct 15 09:40:35 2021
Pression : 9 Bar

Resultats au Fri Oct 15 09:40:36 2021
Pression : 8 Bar

Resultats au Fri Oct 15 09:40:37 2021
Pression : 10 Bar

Resultats au Fri Oct 15 09:46:08 2021
Pression : 9 Bar

Resultats au Fri Oct 15 09:46:09 2021
Pression : 9 Bar

Resultats au Fri Oct 15 09:46:10 2021
Pression : 8 Bar

Resultats au Fri Oct 15 09:46:11 2021
Pression : 8 Bar

Resultats au Sat Oct 16 09:52:28 2021
Pression : 8 Bar

Resultats au Sat Oct 16 09:52:29 2021
Pression : 10 Bar

Resultats au Sat Oct 16 09:52:30 2021
Pression : 10 Bar

Resultats au Sat Oct 16 09:52:31 2021
Pression : 9 Bar

Resultats au Sat Oct 16 09:53:56 2021
Pression : 9 Bar

Resultats au Sat Oct 16 09:53:57 2021
Pression : 10 Bar

Resultats au Sat Oct 16 09:53:58 2021
Pression : 9 Bar

Resultats au Sat Oct 16 09:53:59 2021
Pression : 8 Bar

Resultats au Sat Oct 16 10:41:19 2021
Pression : 9 Bar

Resultats au Sat Oct 16 10:41:20 2021
Pression : 10 Bar

Resultats au Sat Oct 16 10:41:21 2021
Pression : 10 Bar

Resultats au Sat Oct 16 10:41:22 2021
Pression : 10 Bar

Resultats au Sat Oct 16 10:41:23 2021
Pression : 10 Bar

Resultats au Sat Oct 16 10:41:24 2021
Pression : 10 Bar

Resultats au Sat Oct 16 11:06:42 2021
Pression : 10 Bar

Resultats au Sat Oct 16 11:06:43 2021
Pression : 8 Bar

Resultats au Sat Oct 16 11:06:44 2021
Pression : 10 Bar

Resultats au Sat Oct 16 11:06:45 2021
Pression : 9 Bar

Resultats au Sat Oct 16 11:06:47 2021
Pression : 8 Bar

Resultats au Sat Oct 16 11:06:48 2021
Pression : 10 Bar

Resultats au Sat Oct 16 11:13:37 2021
Pression : 9 Bar

Resultats au Sat Oct 16 11:13:38 2021
Pression : 9 Bar

Resultats au Sat Oct 16 11:13:39 2021
Pression : 8 Bar

Resultats au Sat Oct 16 11:13:40 2021
Pression : 9 Bar

Resultats au Sat Oct 16 11:13:42 2021
Pression : 10 Bar

Resultats au Sat Oct 16 11:13:43 2021
Pression : 8 Bar

Resultats au Sat Oct 16 11:21:26 2021
Pression : 9 Bar

Resultats au Sat Oct 16 11:21:27 2021
Pression : 9 Bar

Resultats au Sat Oct 16 11:21:28 2021
Pression : 10 Bar

Resultats au Sat Oct 16 11:21:29 2021
Pression : 9 Bar

Resultats au Sat Oct 16 11:21:30 2021
Pression : 9 Bar

Resultats au Sat Oct 16 11:21:31 2021
Pression : 9 Bar

Resultats au Sat Oct 16 11:22:09 2021
Pression : 9 Bar

Resultats au Sat Oct 16 11:22:10 2021
Pression : 8 Bar

Resultats au Sat Oct 16 11:22:11 2021
Pression : 9 Bar

Resultats au Sat Oct 16 11:22:12 2021
Pression : 10 Bar

Resultats au Sat Oct 16 11:22:13 2021
Pression : 9 Bar

Resultats au Sat Oct 16 11:22:14 2021
Pression : 9 Bar

Resultats au Sun Oct 17 11:43:26 2021
Pression : 10 Bar

Resultats au Sun Oct 17 11:43:27 2021
Pression : 8 Bar

Resultats au Sun Oct 17 11:43:28 2021
Pression : 10 Bar

Resultats au Sun Oct 17 11:43:29 2021
Pression : 10 Bar

Resultats au Sun Oct 17 11:43:30 2021
Pression : 9 Bar

Resultats au Sun Oct 17 11:43:31 2021
Pression : 8 Bar

Resultats au Sun Oct 17 12:07:05 2021
Pression : 8 Bar

Resultats au Sun Oct 17 12:07:06 2021
Pression : 9 Bar

Resultats au Sun Oct 17 12:07:07 2021
Pression : 9 Bar

Resultats au Sun Oct 17 12:07:08 2021
Pression : 10 Bar

Resultats au Sun Oct 17 12:07:09 2021
Pression : 9 Bar

Resultats au Sun Oct 17 12:07:10 2021
Pression : 8 Bar

Resultats au Sun Oct 17 12:07:11 2021
Pression : 9 Bar

Resultats au Sun Oct 17 12:07:19 2021
Pression : 8 Bar

Resultats au Sun Oct 17 12:07:24 2021
Pression : 8 Bar

Resultats au Sun Oct 17 12:07:29 2021
Pression : 10 Bar

Resultats au Sun Oct 17 12:07:34 2021
Pression : 8 Bar

Resultats au Sun Oct 17 12:07:48 2021
Pression : 10 Bar

Resultats au Sun Oct 17 12:47:33 2021
Pression : 8 Bar

Resultats au Sun Oct 17 12:47:34 2021
Pression : 9 Bar

Resultats au Sun Oct 17 12:47:35 2021
Pression : 9 Bar

Resultats au Sun Oct 17 12:47:36 2021
Pression : 9 Bar

Resultats au Sun Oct 17 12:47:37 2021
Pression : 8 Bar

Resultats au Sun Oct 17 13:10:46 2021
Pression : 10 Bar

Resultats au Sun Oct 17 13:10:47 2021
Pression : 10 Bar

Resultats au Sun Oct 17 13:10:48 2021
Pression : 10 Bar

Resultats au Sun Oct 17 13:10:49 2021
Pression : 8 Bar

Resultats au Sun Oct 17 15:13:51 2021
Pression : 10 Bar

Resultats au Sun Oct 17 15:13:52 2021
Pression : 8 Bar

Resultats au Sun Oct 17 15:48:51 2021
Pression : 10 Bar

Resultats au Sun Oct 17 15:48:52 2021
Pression : 10 Bar

Resultats au Sun Oct 17 15:48:53 2021
Pression : 9 Bar

Resultats au Sun Oct 17 15:48:54 2021
Pression : 9 Bar

Resultats au Sun Oct 17 15:51:00 2021
Pression : 10 Bar

Resultats au Sun Oct 17 15:51:01 2021
Pression : 8 Bar

Resultats au Sun Oct 17 15:51:02 2021
Pression : 8 Bar

Resultats au Sun Oct 17 15:51:03 2021
Pression : 8 Bar

Resultats au Sun Oct 17 15:51:48 2021
Pression : 8 Bar

Resultats au Sun Oct 17 15:51:49 2021
Pression : 8 Bar

Resultats au Sun Oct 17 15:51:50 2021
Pression : 8 Bar

Resultats au Sun Oct 17 15:51:51 2021
Pression : 8 Bar

Resultats au Sun Oct 17 15:51:52 2021
Pression : 8 Bar

Resultats au Sun Oct 17 15:51:53 2021
Pression : 8 Bar

Resultats au Sun Oct 17 15:51:54 2021
Pression : 8 Bar

Resultats au Sun Oct 17 15:51:55 2021
Pression : 8 Bar

Resultats au Sun Oct 17 15:51:56 2021
Pression : 8 Bar

Resultats au Sun Oct 17 15:51:57 2021
Pression : 8 Bar

Resultats au Sun Oct 17 15:52:25 2021
Pression : 8 Bar

Resultats au Sun Oct 17 15:52:26 2021
Pression : 8 Bar

Resultats au Sun Oct 17 15:52:27 2021
Pression : 8 Bar

Resultats au Sun Oct 17 15:52:28 2021
Pression : 8 Bar

Resultats au Sun Oct 17 15:52:29 2021
Pression : 8 Bar

Resultats au Sun Oct 17 15:52:30 2021
Pression : 8 Bar

Resultats au Sun Oct 17 15:52:31 2021
Pression : 8 Bar

Resultats au Sun Oct 17 15:52:32 2021
Pression : 8 Bar

Resultats au Sun Oct 17 15:52:33 2021
Pression : 8 Bar

Resultats au Sun Oct 17 15:52:34 2021
Pression : 8 Bar

Resultats au Sun Oct 17 15:53:24 2021
Pression : 10 Bar

Resultats au Sun Oct 17 15:53:25 2021
Pression : 9 Bar

Resultats au Sun Oct 17 15:53:26 2021
Pression : 9 Bar

Resultats au Sun Oct 17 15:53:27 2021
Pression : 8 Bar

Resultats au Sun Oct 17 15:53:28 2021
Pression : 8 Bar

Resultats au Sun Oct 17 15:53:29 2021
Pression : 10 Bar

Resultats au Sun Oct 17 15:53:30 2021
Pression : 9 Bar

Resultats au Sun Oct 17 15:53:31 2021
Pression : 9 Bar

Resultats au Sun Oct 17 15:53:32 2021
Pression : 10 Bar

Resultats au Sun Oct 17 15:53:33 2021
Pression : 9 Bar

Resultats au Sun Oct 17 16:09:50 2021
Pression : 8.56752 Bar

Resultats au Sun Oct 17 16:09:51 2021
Pression : 8.56771 Bar

Resultats au Sun Oct 17 16:09:52 2021
Pression : 8.56789 Bar

Resultats au Sun Oct 17 16:09:53 2021
Pression : 8.56813 Bar

Resultats au Sun Oct 17 16:09:54 2021
Pression : 8.56832 Bar

Resultats au Sun Oct 17 16:09:55 2021
Pression : 8.5685 Bar

Resultats au Sun Oct 17 16:42:32 2021
Pression : 8.95859 Bar

Resultats au Sun Oct 17 16:42:37 2021
Pression : 8.95956 Bar

Resultats au Sun Oct 17 16:42:42 2021
Pression : 8.9606 Bar

Resultats au Sun Oct 17 16:42:57 2021
Pression : 8.96353 Bar

Resultats au Sun Oct 17 16:42:58 2021
Pression : 8.96377 Bar

Resultats au Sun Oct 17 16:42:59 2021
Pression : 8.96396 Bar

Resultats au Sun Oct 17 16:43:00 2021
Pression : 8.96414 Bar

Resultats au Sun Oct 17 16:43:01 2021
Pression : 8.96439 Bar

Resultats au Sun Oct 17 16:43:02 2021
Pression : 8.96457 Bar

Resultats au Sun Oct 17 16:45:27 2021
Pression : 8.99344 Bar

Resultats au Sun Oct 17 16:45:32 2021
Pression : 8.99448 Bar

Resultats au Sun Oct 17 16:45:49 2021
Pression : 8.99783 Bar

Resultats au Sun Oct 17 16:45:50 2021
Pression : 8.99802 Bar

Resultats au Sun Oct 17 16:45:51 2021
Pression : 8.99826 Bar

Resultats au Sun Oct 17 16:45:52 2021
Pression : 8.99844 Bar

Resultats au Tue Oct 19 20:27:12 2021
Pression : 8.08698 Bar

Resultats au Tue Oct 19 20:27:17 2021
Pression : 8.08795 Bar

Resultats au Tue Oct 19 20:30:04 2021
Pression : 8.12128 Bar

Resultats au Tue Oct 19 20:30:05 2021
Pression : 8.12146 Bar

Resultats au Tue Oct 19 20:30:06 2021
Pression : 8.12165 Bar

Resultats au Tue Oct 19 20:30:07 2021
Pression : 8.12183 Bar

Resultats au Tue Oct 19 20:30:30 2021
Pression : 8.12647 Bar

Resultats au Tue Oct 19 20:30:35 2021
Pression : 8.12745 Bar

Resultats au Tue Oct 19 20:31:52 2021
Pression : 8.14277 Bar

Resultats au Tue Oct 19 20:31:53 2021
Pression : 8.14301 Bar

Resultats au Tue Oct 19 20:31:54 2021
Pression : 8.14319 Bar

Resultats au Tue Oct 19 20:31:55 2021
Pression : 8.14338 Bar

