Resultats au Wed Oct 13 19:26:59 2021
Temperature : 15 Degres Celsius

Resultats au Wed Oct 13 19:27:01 2021
Temperature : 17 Degres Celsius

Resultats au Wed Oct 13 19:27:03 2021
Temperature : 17 Degres Celsius

Resultats au Wed Oct 13 19:28:36 2021
Temperature : 22 Degres Celsius

Resultats au Wed Oct 13 19:28:38 2021
Temperature : 21 Degres Celsius

Resultats au Wed Oct 13 19:28:40 2021
Temperature : 24 Degres Celsius

Resultats au Wed Oct 13 19:39:34 2021
Temperature : 21 Degres Celsius

Resultats au Wed Oct 13 19:39:36 2021
Temperature : 17 Degres Celsius

Resultats au Wed Oct 13 19:41:05 2021
Temperature : 18 Degres Celsius

Resultats au Wed Oct 13 19:49:32 2021
Temperature : 16 Degres Celsius

Resultats au Wed Oct 13 20:02:22 2021
Temperature : 20 Degres Celsius

Resultats au Wed Oct 13 20:02:24 2021
Temperature : 21 Degres Celsius

Resultats au Fri Oct 15 09:40:33 2021
Temperature : 21 Degres Celsius

Resultats au Fri Oct 15 09:40:35 2021
Temperature : 25 Degres Celsius

Resultats au Fri Oct 15 09:40:37 2021
Temperature : 17 Degres Celsius

Resultats au Fri Oct 15 09:46:09 2021
Temperature : 20 Degres Celsius

Resultats au Fri Oct 15 09:46:11 2021
Temperature : 23 Degres Celsius

Resultats au Sat Oct 16 09:52:29 2021
Temperature : 16 Degres Celsius

Resultats au Sat Oct 16 09:52:31 2021
Temperature : 25 Degres Celsius

Resultats au Sat Oct 16 09:53:57 2021
Temperature : 21 Degres Celsius

Resultats au Sat Oct 16 09:53:59 2021
Temperature : 25 Degres Celsius

Resultats au Sat Oct 16 10:41:20 2021
Temperature : 20 Degres Celsius

Resultats au Sat Oct 16 10:41:22 2021
Temperature : 23 Degres Celsius

Resultats au Sat Oct 16 10:41:24 2021
Temperature : 18 Degres Celsius

Resultats au Sat Oct 16 11:06:43 2021
Temperature : 36 Degres Celsius

Resultats au Sat Oct 16 11:06:45 2021
Temperature : 36 Degres Celsius

Resultats au Sat Oct 16 11:06:48 2021
Temperature : 36 Degres Celsius

Resultats au Sat Oct 16 11:13:38 2021
Temperature : 37 Degres Celsius

Resultats au Sat Oct 16 11:13:40 2021
Temperature : 37 Degres Celsius

Resultats au Sat Oct 16 11:13:43 2021
Temperature : 37 Degres Celsius

Resultats au Sat Oct 16 11:21:27 2021
Temperature : 38 Degres Celsius

Resultats au Sat Oct 16 11:21:29 2021
Temperature : 38 Degres Celsius

Resultats au Sat Oct 16 11:21:31 2021
Temperature : 38 Degres Celsius

Resultats au Sat Oct 16 11:22:10 2021
Temperature : 24 Degres Celsius

Resultats au Sat Oct 16 11:22:12 2021
Temperature : 24 Degres Celsius

Resultats au Sat Oct 16 11:22:14 2021
Temperature : 24 Degres Celsius

Resultats au Sun Oct 17 11:43:27 2021
Temperature : 21.9094 Degres Celsius

Resultats au Sun Oct 17 11:43:29 2021
Temperature : 21.9115 Degres Celsius

Resultats au Sun Oct 17 11:43:31 2021
Temperature : 21.9134 Degres Celsius

Resultats au Sun Oct 17 12:07:06 2021
Temperature : 23.3236 Degres Celsius

Resultats au Sun Oct 17 12:07:08 2021
Temperature : 23.3255 Degres Celsius

Resultats au Sun Oct 17 12:07:10 2021
Temperature : 23.3276 Degres Celsius

Resultats au Sun Oct 17 12:07:19 2021
Temperature : 23.3364 Degres Celsius

Resultats au Sun Oct 17 12:07:24 2021
Temperature : 23.3416 Degres Celsius

Resultats au Sun Oct 17 12:07:29 2021
Temperature : 23.3465 Degres Celsius

Resultats au Sun Oct 17 12:07:34 2021
Temperature : 23.3514 Degres Celsius

Resultats au Sun Oct 17 12:47:34 2021
Temperature : 15.7431 Degres Celsius

Resultats au Sun Oct 17 12:47:36 2021
Temperature : 15.745 Degres Celsius

Resultats au Sun Oct 17 13:10:47 2021
Temperature : 17.1314 Degres Celsius

Resultats au Sun Oct 17 13:10:49 2021
Temperature : 17.1332 Degres Celsius

Resultats au Sun Oct 17 15:13:52 2021
Temperature : 24.4913 Degres Celsius

Resultats au Sun Oct 17 15:48:52 2021
Temperature : 16.5839 Degres Celsius

Resultats au Sun Oct 17 15:48:54 2021
Temperature : 16.5857 Degres Celsius

Resultats au Sun Oct 17 15:51:01 2021
Temperature : 16.7124 Degres Celsius

Resultats au Sun Oct 17 15:51:03 2021
Temperature : 16.7142 Degres Celsius

Resultats au Sun Oct 17 15:51:49 2021
Temperature : 16.7603 Degres Celsius

Resultats au Sun Oct 17 15:51:51 2021
Temperature : 16.7621 Degres Celsius

Resultats au Sun Oct 17 15:51:53 2021
Temperature : 16.7643 Degres Celsius

Resultats au Sun Oct 17 15:51:55 2021
Temperature : 16.7661 Degres Celsius

Resultats au Sun Oct 17 15:51:57 2021
Temperature : 16.7682 Degres Celsius

Resultats au Sun Oct 17 15:52:26 2021
Temperature : 16.7972 Degres Celsius

Resultats au Sun Oct 17 15:52:28 2021
Temperature : 16.7991 Degres Celsius

Resultats au Sun Oct 17 15:52:30 2021
Temperature : 16.8012 Degres Celsius

Resultats au Sun Oct 17 15:52:32 2021
Temperature : 16.803 Degres Celsius

Resultats au Sun Oct 17 15:52:34 2021
Temperature : 16.8052 Degres Celsius

Resultats au Sun Oct 17 15:53:25 2021
Temperature : 16.8558 Degres Celsius

Resultats au Sun Oct 17 15:53:27 2021
Temperature : 16.858 Degres Celsius

Resultats au Sun Oct 17 15:53:29 2021
Temperature : 16.8598 Degres Celsius

Resultats au Sun Oct 17 15:53:31 2021
Temperature : 16.8619 Degres Celsius

Resultats au Sun Oct 17 15:53:33 2021
Temperature : 16.8638 Degres Celsius

Resultats au Sun Oct 17 16:09:51 2021
Temperature : 22 Degres Celsius

Resultats au Sun Oct 17 16:09:53 2021
Temperature : 15 Degres Celsius

Resultats au Sun Oct 17 16:09:55 2021
Temperature : 23 Degres Celsius

Resultats au Sun Oct 17 16:42:32 2021
Temperature : 25 Degres Celsius

Resultats au Sun Oct 17 16:42:37 2021
Temperature : 17 Degres Celsius

Resultats au Sun Oct 17 16:42:42 2021
Temperature : 19 Degres Celsius

Resultats au Sun Oct 17 16:42:58 2021
Temperature : 20 Degres Celsius

Resultats au Sun Oct 17 16:43:00 2021
Temperature : 16 Degres Celsius

Resultats au Sun Oct 17 16:43:02 2021
Temperature : 25 Degres Celsius

Resultats au Sun Oct 17 16:45:27 2021
Temperature : 25 Degres Celsius

Resultats au Sun Oct 17 16:45:32 2021
Temperature : 23 Degres Celsius

Resultats au Sun Oct 17 16:45:50 2021
Temperature : 23 Degres Celsius

Resultats au Sun Oct 17 16:45:52 2021
Temperature : 25 Degres Celsius

Resultats au Tue Oct 19 20:27:12 2021
Temperature : 25 Degres Celsius

Resultats au Tue Oct 19 20:27:17 2021
Temperature : 24 Degres Celsius

Resultats au Tue Oct 19 20:30:05 2021
Temperature : 19 Degres Celsius

Resultats au Tue Oct 19 20:30:07 2021
Temperature : 25 Degres Celsius

Resultats au Tue Oct 19 20:30:30 2021
Temperature : 22 Degres Celsius

Resultats au Tue Oct 19 20:30:35 2021
Temperature : 24 Degres Celsius

Resultats au Tue Oct 19 20:31:53 2021
Temperature : 17 Degres Celsius

Resultats au Tue Oct 19 20:31:55 2021
Temperature : 18 Degres Celsius

